<?xml version="1.0" encoding="UTF-8"?>
<testng-results ignored="0" total="29" passed="29" failed="0" skipped="0">
  <reporter-output>
  </reporter-output>
  <suite started-at="2024-12-03T23:21:08 CST" name="Default suite" finished-at="2024-12-03T23:23:13 CST" duration-ms="125837">
    <groups>
      <group name="cucumber">
        <method signature="AbstractTestNGCucumberTests.runScenario(io.cucumber.testng.PickleWrapper,io.cucumber.testng.FeatureWrapper)[pri:0, instance:testRunner.CucumberTest@723e88f9]" name="runScenario" class="io.cucumber.testng.AbstractTestNGCucumberTests"/>
      </group> <!-- cucumber -->
    </groups>
    <test started-at="2024-12-03T23:21:08 CST" name="Default test" finished-at="2024-12-03T23:23:13 CST" duration-ms="125837">
      <class name="testRunner.CucumberTest">
        <test-method is-config="true" signature="setUpClass(org.testng.ITestContext)[pri:0, instance:testRunner.CucumberTest@723e88f9]" started-at="2024-12-03T23:21:08 CST" name="setUpClass" finished-at="2024-12-03T23:21:09 CST" duration-ms="925" status="PASS">
          <params>
            <param index="0">
              <value>
                <![CDATA[org.testng.TestRunner@5be8a92c]]>
              </value>
            </param>
          </params>
          <reporter-output>
          </reporter-output>
        </test-method> <!-- setUpClass -->
        <test-method signature="runScenario(io.cucumber.testng.PickleWrapper,io.cucumber.testng.FeatureWrapper)[pri:0, instance:testRunner.CucumberTest@723e88f9]" started-at="2024-12-03T23:21:09 CST" name="runScenario" description="Runs Cucumber Scenarios" data-provider="scenarios" finished-at="2024-12-03T23:21:13 CST" duration-ms="4333" status="PASS">
          <params>
            <param index="0">
              <value>
                <![CDATA["exploring the Introduction page"]]>
              </value>
            </param>
            <param index="1">
              <value>
                <![CDATA["Linked List functionality"]]>
              </value>
            </param>
          </params>
          <reporter-output>
          </reporter-output>
        </test-method> <!-- runScenario -->
        <test-method signature="runScenario(io.cucumber.testng.PickleWrapper,io.cucumber.testng.FeatureWrapper)[pri:0, instance:testRunner.CucumberTest@723e88f9]" started-at="2024-12-03T23:21:13 CST" name="runScenario" description="Runs Cucumber Scenarios" data-provider="scenarios" finished-at="2024-12-03T23:21:17 CST" duration-ms="3820" status="PASS">
          <params>
            <param index="0">
              <value>
                <![CDATA["exploring the python editor of Introduction page"]]>
              </value>
            </param>
            <param index="1">
              <value>
                <![CDATA["Linked List functionality"]]>
              </value>
            </param>
          </params>
          <reporter-output>
          </reporter-output>
        </test-method> <!-- runScenario -->
        <test-method signature="runScenario(io.cucumber.testng.PickleWrapper,io.cucumber.testng.FeatureWrapper)[pri:0, instance:testRunner.CucumberTest@723e88f9]" started-at="2024-12-03T23:21:17 CST" name="runScenario" description="Runs Cucumber Scenarios" data-provider="scenarios" finished-at="2024-12-03T23:21:21 CST" duration-ms="4450" status="PASS">
          <params>
            <param index="0">
              <value>
                <![CDATA["validating Run function with invalid code and valid code"]]>
              </value>
            </param>
            <param index="1">
              <value>
                <![CDATA["Linked List functionality"]]>
              </value>
            </param>
          </params>
          <reporter-output>
          </reporter-output>
        </test-method> <!-- runScenario -->
        <test-method signature="runScenario(io.cucumber.testng.PickleWrapper,io.cucumber.testng.FeatureWrapper)[pri:0, instance:testRunner.CucumberTest@723e88f9]" started-at="2024-12-03T23:21:21 CST" name="runScenario" description="Runs Cucumber Scenarios" data-provider="scenarios" finished-at="2024-12-03T23:21:25 CST" duration-ms="3737" status="PASS">
          <params>
            <param index="0">
              <value>
                <![CDATA["validating Run function with invalid code and valid code"]]>
              </value>
            </param>
            <param index="1">
              <value>
                <![CDATA["Linked List functionality"]]>
              </value>
            </param>
          </params>
          <reporter-output>
          </reporter-output>
        </test-method> <!-- runScenario -->
        <test-method signature="runScenario(io.cucumber.testng.PickleWrapper,io.cucumber.testng.FeatureWrapper)[pri:0, instance:testRunner.CucumberTest@723e88f9]" started-at="2024-12-03T23:21:25 CST" name="runScenario" description="Runs Cucumber Scenarios" data-provider="scenarios" finished-at="2024-12-03T23:21:28 CST" duration-ms="3446" status="PASS">
          <params>
            <param index="0">
              <value>
                <![CDATA["exploring the Creating Linked List page"]]>
              </value>
            </param>
            <param index="1">
              <value>
                <![CDATA["Linked List functionality"]]>
              </value>
            </param>
          </params>
          <reporter-output>
          </reporter-output>
        </test-method> <!-- runScenario -->
        <test-method signature="runScenario(io.cucumber.testng.PickleWrapper,io.cucumber.testng.FeatureWrapper)[pri:0, instance:testRunner.CucumberTest@723e88f9]" started-at="2024-12-03T23:21:28 CST" name="runScenario" description="Runs Cucumber Scenarios" data-provider="scenarios" finished-at="2024-12-03T23:21:32 CST" duration-ms="3780" status="PASS">
          <params>
            <param index="0">
              <value>
                <![CDATA["exploring the python editor in Creating Linked List page"]]>
              </value>
            </param>
            <param index="1">
              <value>
                <![CDATA["Linked List functionality"]]>
              </value>
            </param>
          </params>
          <reporter-output>
          </reporter-output>
        </test-method> <!-- runScenario -->
        <test-method signature="runScenario(io.cucumber.testng.PickleWrapper,io.cucumber.testng.FeatureWrapper)[pri:0, instance:testRunner.CucumberTest@723e88f9]" started-at="2024-12-03T23:21:32 CST" name="runScenario" description="Runs Cucumber Scenarios" data-provider="scenarios" finished-at="2024-12-03T23:21:36 CST" duration-ms="3494" status="PASS">
          <params>
            <param index="0">
              <value>
                <![CDATA["validating Run function with invalid code and valid code"]]>
              </value>
            </param>
            <param index="1">
              <value>
                <![CDATA["Linked List functionality"]]>
              </value>
            </param>
          </params>
          <reporter-output>
          </reporter-output>
        </test-method> <!-- runScenario -->
        <test-method signature="runScenario(io.cucumber.testng.PickleWrapper,io.cucumber.testng.FeatureWrapper)[pri:0, instance:testRunner.CucumberTest@723e88f9]" started-at="2024-12-03T23:21:36 CST" name="runScenario" description="Runs Cucumber Scenarios" data-provider="scenarios" finished-at="2024-12-03T23:21:40 CST" duration-ms="3940" status="PASS">
          <params>
            <param index="0">
              <value>
                <![CDATA["validating Run function with invalid code and valid code"]]>
              </value>
            </param>
            <param index="1">
              <value>
                <![CDATA["Linked List functionality"]]>
              </value>
            </param>
          </params>
          <reporter-output>
          </reporter-output>
        </test-method> <!-- runScenario -->
        <test-method signature="runScenario(io.cucumber.testng.PickleWrapper,io.cucumber.testng.FeatureWrapper)[pri:0, instance:testRunner.CucumberTest@723e88f9]" started-at="2024-12-03T23:21:40 CST" name="runScenario" description="Runs Cucumber Scenarios" data-provider="scenarios" finished-at="2024-12-03T23:21:43 CST" duration-ms="3386" status="PASS">
          <params>
            <param index="0">
              <value>
                <![CDATA["exploring the Types of Linked List page"]]>
              </value>
            </param>
            <param index="1">
              <value>
                <![CDATA["Linked List functionality"]]>
              </value>
            </param>
          </params>
          <reporter-output>
          </reporter-output>
        </test-method> <!-- runScenario -->
        <test-method signature="runScenario(io.cucumber.testng.PickleWrapper,io.cucumber.testng.FeatureWrapper)[pri:0, instance:testRunner.CucumberTest@723e88f9]" started-at="2024-12-03T23:21:43 CST" name="runScenario" description="Runs Cucumber Scenarios" data-provider="scenarios" finished-at="2024-12-03T23:21:47 CST" duration-ms="4045" status="PASS">
          <params>
            <param index="0">
              <value>
                <![CDATA["exploring the python editor of Types of Linked List page"]]>
              </value>
            </param>
            <param index="1">
              <value>
                <![CDATA["Linked List functionality"]]>
              </value>
            </param>
          </params>
          <reporter-output>
          </reporter-output>
        </test-method> <!-- runScenario -->
        <test-method signature="runScenario(io.cucumber.testng.PickleWrapper,io.cucumber.testng.FeatureWrapper)[pri:0, instance:testRunner.CucumberTest@723e88f9]" started-at="2024-12-03T23:21:47 CST" name="runScenario" description="Runs Cucumber Scenarios" data-provider="scenarios" finished-at="2024-12-03T23:21:51 CST" duration-ms="4283" status="PASS">
          <params>
            <param index="0">
              <value>
                <![CDATA["validating Run function with invalid code and valid code"]]>
              </value>
            </param>
            <param index="1">
              <value>
                <![CDATA["Linked List functionality"]]>
              </value>
            </param>
          </params>
          <reporter-output>
          </reporter-output>
        </test-method> <!-- runScenario -->
        <test-method signature="runScenario(io.cucumber.testng.PickleWrapper,io.cucumber.testng.FeatureWrapper)[pri:0, instance:testRunner.CucumberTest@723e88f9]" started-at="2024-12-03T23:21:51 CST" name="runScenario" description="Runs Cucumber Scenarios" data-provider="scenarios" finished-at="2024-12-03T23:21:55 CST" duration-ms="3442" status="PASS">
          <params>
            <param index="0">
              <value>
                <![CDATA["validating Run function with invalid code and valid code"]]>
              </value>
            </param>
            <param index="1">
              <value>
                <![CDATA["Linked List functionality"]]>
              </value>
            </param>
          </params>
          <reporter-output>
          </reporter-output>
        </test-method> <!-- runScenario -->
        <test-method signature="runScenario(io.cucumber.testng.PickleWrapper,io.cucumber.testng.FeatureWrapper)[pri:0, instance:testRunner.CucumberTest@723e88f9]" started-at="2024-12-03T23:21:55 CST" name="runScenario" description="Runs Cucumber Scenarios" data-provider="scenarios" finished-at="2024-12-03T23:21:58 CST" duration-ms="3692" status="PASS">
          <params>
            <param index="0">
              <value>
                <![CDATA["exploring the Implement Linked List in Python page"]]>
              </value>
            </param>
            <param index="1">
              <value>
                <![CDATA["Linked List functionality"]]>
              </value>
            </param>
          </params>
          <reporter-output>
          </reporter-output>
        </test-method> <!-- runScenario -->
        <test-method signature="runScenario(io.cucumber.testng.PickleWrapper,io.cucumber.testng.FeatureWrapper)[pri:0, instance:testRunner.CucumberTest@723e88f9]" started-at="2024-12-03T23:21:58 CST" name="runScenario" description="Runs Cucumber Scenarios" data-provider="scenarios" finished-at="2024-12-03T23:22:03 CST" duration-ms="4307" status="PASS">
          <params>
            <param index="0">
              <value>
                <![CDATA["exploring the python editor page in Implement Linked List in Python page"]]>
              </value>
            </param>
            <param index="1">
              <value>
                <![CDATA["Linked List functionality"]]>
              </value>
            </param>
          </params>
          <reporter-output>
          </reporter-output>
        </test-method> <!-- runScenario -->
        <test-method signature="runScenario(io.cucumber.testng.PickleWrapper,io.cucumber.testng.FeatureWrapper)[pri:0, instance:testRunner.CucumberTest@723e88f9]" started-at="2024-12-03T23:22:03 CST" name="runScenario" description="Runs Cucumber Scenarios" data-provider="scenarios" finished-at="2024-12-03T23:22:06 CST" duration-ms="3578" status="PASS">
          <params>
            <param index="0">
              <value>
                <![CDATA["validating Run function with invalid code and valid code"]]>
              </value>
            </param>
            <param index="1">
              <value>
                <![CDATA["Linked List functionality"]]>
              </value>
            </param>
          </params>
          <reporter-output>
          </reporter-output>
        </test-method> <!-- runScenario -->
        <test-method signature="runScenario(io.cucumber.testng.PickleWrapper,io.cucumber.testng.FeatureWrapper)[pri:0, instance:testRunner.CucumberTest@723e88f9]" started-at="2024-12-03T23:22:06 CST" name="runScenario" description="Runs Cucumber Scenarios" data-provider="scenarios" finished-at="2024-12-03T23:22:10 CST" duration-ms="3767" status="PASS">
          <params>
            <param index="0">
              <value>
                <![CDATA["validating Run function with invalid code and valid code"]]>
              </value>
            </param>
            <param index="1">
              <value>
                <![CDATA["Linked List functionality"]]>
              </value>
            </param>
          </params>
          <reporter-output>
          </reporter-output>
        </test-method> <!-- runScenario -->
        <test-method signature="runScenario(io.cucumber.testng.PickleWrapper,io.cucumber.testng.FeatureWrapper)[pri:0, instance:testRunner.CucumberTest@723e88f9]" started-at="2024-12-03T23:22:10 CST" name="runScenario" description="Runs Cucumber Scenarios" data-provider="scenarios" finished-at="2024-12-03T23:22:14 CST" duration-ms="3586" status="PASS">
          <params>
            <param index="0">
              <value>
                <![CDATA["exploring the Traversal page"]]>
              </value>
            </param>
            <param index="1">
              <value>
                <![CDATA["Linked List functionality"]]>
              </value>
            </param>
          </params>
          <reporter-output>
          </reporter-output>
        </test-method> <!-- runScenario -->
        <test-method signature="runScenario(io.cucumber.testng.PickleWrapper,io.cucumber.testng.FeatureWrapper)[pri:0, instance:testRunner.CucumberTest@723e88f9]" started-at="2024-12-03T23:22:14 CST" name="runScenario" description="Runs Cucumber Scenarios" data-provider="scenarios" finished-at="2024-12-03T23:22:18 CST" duration-ms="4314" status="PASS">
          <params>
            <param index="0">
              <value>
                <![CDATA["exploring the python editor page of Traversal page"]]>
              </value>
            </param>
            <param index="1">
              <value>
                <![CDATA["Linked List functionality"]]>
              </value>
            </param>
          </params>
          <reporter-output>
          </reporter-output>
        </test-method> <!-- runScenario -->
        <test-method signature="runScenario(io.cucumber.testng.PickleWrapper,io.cucumber.testng.FeatureWrapper)[pri:0, instance:testRunner.CucumberTest@723e88f9]" started-at="2024-12-03T23:22:18 CST" name="runScenario" description="Runs Cucumber Scenarios" data-provider="scenarios" finished-at="2024-12-03T23:22:34 CST" duration-ms="16128" status="PASS">
          <params>
            <param index="0">
              <value>
                <![CDATA["validating Run function with invalid code and valid code"]]>
              </value>
            </param>
            <param index="1">
              <value>
                <![CDATA["Linked List functionality"]]>
              </value>
            </param>
          </params>
          <reporter-output>
          </reporter-output>
        </test-method> <!-- runScenario -->
        <test-method signature="runScenario(io.cucumber.testng.PickleWrapper,io.cucumber.testng.FeatureWrapper)[pri:0, instance:testRunner.CucumberTest@723e88f9]" started-at="2024-12-03T23:22:34 CST" name="runScenario" description="Runs Cucumber Scenarios" data-provider="scenarios" finished-at="2024-12-03T23:22:38 CST" duration-ms="3639" status="PASS">
          <params>
            <param index="0">
              <value>
                <![CDATA["validating Run function with invalid code and valid code"]]>
              </value>
            </param>
            <param index="1">
              <value>
                <![CDATA["Linked List functionality"]]>
              </value>
            </param>
          </params>
          <reporter-output>
          </reporter-output>
        </test-method> <!-- runScenario -->
        <test-method signature="runScenario(io.cucumber.testng.PickleWrapper,io.cucumber.testng.FeatureWrapper)[pri:0, instance:testRunner.CucumberTest@723e88f9]" started-at="2024-12-03T23:22:38 CST" name="runScenario" description="Runs Cucumber Scenarios" data-provider="scenarios" finished-at="2024-12-03T23:22:41 CST" duration-ms="3119" status="PASS">
          <params>
            <param index="0">
              <value>
                <![CDATA["exploring the Insertion page"]]>
              </value>
            </param>
            <param index="1">
              <value>
                <![CDATA["Linked List functionality"]]>
              </value>
            </param>
          </params>
          <reporter-output>
          </reporter-output>
        </test-method> <!-- runScenario -->
        <test-method signature="runScenario(io.cucumber.testng.PickleWrapper,io.cucumber.testng.FeatureWrapper)[pri:0, instance:testRunner.CucumberTest@723e88f9]" started-at="2024-12-03T23:22:41 CST" name="runScenario" description="Runs Cucumber Scenarios" data-provider="scenarios" finished-at="2024-12-03T23:22:44 CST" duration-ms="3601" status="PASS">
          <params>
            <param index="0">
              <value>
                <![CDATA["exploring the python editor page of Insertion page"]]>
              </value>
            </param>
            <param index="1">
              <value>
                <![CDATA["Linked List functionality"]]>
              </value>
            </param>
          </params>
          <reporter-output>
          </reporter-output>
        </test-method> <!-- runScenario -->
        <test-method signature="runScenario(io.cucumber.testng.PickleWrapper,io.cucumber.testng.FeatureWrapper)[pri:0, instance:testRunner.CucumberTest@723e88f9]" started-at="2024-12-03T23:22:44 CST" name="runScenario" description="Runs Cucumber Scenarios" data-provider="scenarios" finished-at="2024-12-03T23:22:48 CST" duration-ms="3790" status="PASS">
          <params>
            <param index="0">
              <value>
                <![CDATA["validating Run function with invalid code and valid code"]]>
              </value>
            </param>
            <param index="1">
              <value>
                <![CDATA["Linked List functionality"]]>
              </value>
            </param>
          </params>
          <reporter-output>
          </reporter-output>
        </test-method> <!-- runScenario -->
        <test-method signature="runScenario(io.cucumber.testng.PickleWrapper,io.cucumber.testng.FeatureWrapper)[pri:0, instance:testRunner.CucumberTest@723e88f9]" started-at="2024-12-03T23:22:48 CST" name="runScenario" description="Runs Cucumber Scenarios" data-provider="scenarios" finished-at="2024-12-03T23:22:52 CST" duration-ms="3512" status="PASS">
          <params>
            <param index="0">
              <value>
                <![CDATA["validating Run function with invalid code and valid code"]]>
              </value>
            </param>
            <param index="1">
              <value>
                <![CDATA["Linked List functionality"]]>
              </value>
            </param>
          </params>
          <reporter-output>
          </reporter-output>
        </test-method> <!-- runScenario -->
        <test-method signature="runScenario(io.cucumber.testng.PickleWrapper,io.cucumber.testng.FeatureWrapper)[pri:0, instance:testRunner.CucumberTest@723e88f9]" started-at="2024-12-03T23:22:52 CST" name="runScenario" description="Runs Cucumber Scenarios" data-provider="scenarios" finished-at="2024-12-03T23:22:55 CST" duration-ms="3274" status="PASS">
          <params>
            <param index="0">
              <value>
                <![CDATA["exploring the Deletion page"]]>
              </value>
            </param>
            <param index="1">
              <value>
                <![CDATA["Linked List functionality"]]>
              </value>
            </param>
          </params>
          <reporter-output>
          </reporter-output>
        </test-method> <!-- runScenario -->
        <test-method signature="runScenario(io.cucumber.testng.PickleWrapper,io.cucumber.testng.FeatureWrapper)[pri:0, instance:testRunner.CucumberTest@723e88f9]" started-at="2024-12-03T23:22:55 CST" name="runScenario" description="Runs Cucumber Scenarios" data-provider="scenarios" finished-at="2024-12-03T23:22:59 CST" duration-ms="4230" status="PASS">
          <params>
            <param index="0">
              <value>
                <![CDATA["exploring the python editor page of Deletion page"]]>
              </value>
            </param>
            <param index="1">
              <value>
                <![CDATA["Linked List functionality"]]>
              </value>
            </param>
          </params>
          <reporter-output>
          </reporter-output>
        </test-method> <!-- runScenario -->
        <test-method signature="runScenario(io.cucumber.testng.PickleWrapper,io.cucumber.testng.FeatureWrapper)[pri:0, instance:testRunner.CucumberTest@723e88f9]" started-at="2024-12-03T23:22:59 CST" name="runScenario" description="Runs Cucumber Scenarios" data-provider="scenarios" finished-at="2024-12-03T23:23:03 CST" duration-ms="3481" status="PASS">
          <params>
            <param index="0">
              <value>
                <![CDATA["validating Run function with invalid code and valid code"]]>
              </value>
            </param>
            <param index="1">
              <value>
                <![CDATA["Linked List functionality"]]>
              </value>
            </param>
          </params>
          <reporter-output>
          </reporter-output>
        </test-method> <!-- runScenario -->
        <test-method signature="runScenario(io.cucumber.testng.PickleWrapper,io.cucumber.testng.FeatureWrapper)[pri:0, instance:testRunner.CucumberTest@723e88f9]" started-at="2024-12-03T23:23:03 CST" name="runScenario" description="Runs Cucumber Scenarios" data-provider="scenarios" finished-at="2024-12-03T23:23:07 CST" duration-ms="4057" status="PASS">
          <params>
            <param index="0">
              <value>
                <![CDATA["validating Run function with invalid code and valid code"]]>
              </value>
            </param>
            <param index="1">
              <value>
                <![CDATA["Linked List functionality"]]>
              </value>
            </param>
          </params>
          <reporter-output>
          </reporter-output>
        </test-method> <!-- runScenario -->
        <test-method signature="runScenario(io.cucumber.testng.PickleWrapper,io.cucumber.testng.FeatureWrapper)[pri:0, instance:testRunner.CucumberTest@723e88f9]" started-at="2024-12-03T23:23:07 CST" name="runScenario" description="Runs Cucumber Scenarios" data-provider="scenarios" finished-at="2024-12-03T23:23:10 CST" duration-ms="3620" status="PASS">
          <params>
            <param index="0">
              <value>
                <![CDATA["Exploring the practice questions page"]]>
              </value>
            </param>
            <param index="1">
              <value>
                <![CDATA["Linked List functionality"]]>
              </value>
            </param>
          </params>
          <reporter-output>
          </reporter-output>
        </test-method> <!-- runScenario -->
        <test-method is-config="true" signature="tearDownClass()[pri:0, instance:testRunner.CucumberTest@723e88f9]" started-at="2024-12-03T23:23:10 CST" name="tearDownClass" finished-at="2024-12-03T23:23:13 CST" duration-ms="2977" status="PASS">
          <reporter-output>
          </reporter-output>
        </test-method> <!-- tearDownClass -->
      </class> <!-- testRunner.CucumberTest -->
    </test> <!-- Default test -->
  </suite> <!-- Default suite -->
</testng-results>
